运行时间: 2025-03-19 09:13:16
选定书籍: 《明朝那些事儿(全集)》
阅读时长: 1.0 分钟
--------------------------------------------------
运行时间: 2025-03-19 09:18:42
选定书籍: 《明朝那些事儿(全集)》
阅读时长: 1.0 分钟
--------------------------------------------------
运行时间: 2025-03-19 09:22:37
选定书籍: 《罪连环（全集）》
阅读时长: 1.0 分钟
--------------------------------------------------
运行时间: 2025-03-19 17:39:23
选定书籍: 《罪连环（全集）》
阅读时长: 1.0 分钟
--------------------------------------------------
运行时间: 2025-03-19 17:53:53
选定书籍: 《明朝那些事儿(增补版)(套装全九册)》
阅读时长: 1.0 分钟
--------------------------------------------------
运行时间: 2025-03-19 18:16:20
选定书籍: 《罪连环（全集）》
阅读时长: 1.0 分钟
--------------------------------------------------
运行时间: 2025-03-19 18:45:01
选定书籍: 《罪连环（全集）》
阅读时长: 1.0 分钟
--------------------------------------------------
运行时间: 2025-03-19 19:14:32
选定书籍: 《明朝那些事儿(全集)》
阅读时长: 1.0 分钟
--------------------------------------------------
运行时间: 2025-03-19 19:23:03
选定书籍: 《罪连环（全集）》
阅读时长: 1.0 分钟
--------------------------------------------------
运行时间: 2025-03-19 19:29:53
选定书籍: 《明朝那些事儿(全集)》
阅读时长: 1.0 分钟
--------------------------------------------------
